
> pulseline@0.1.0 build
> next build

Γû▓ Next.js 16.1.6 (Turbopack)

  Creating an optimized production build ...
Γ£ô Compiled successfully in 6.6s
  Running TypeScript ...
  Collecting page data using 7 workers ...
npm : MONGODB_URI 
not found in env, 
using local db:  mong
odb://localhost:27017
/pulseline
At line:1 char:1
+ npm run build > 
build.log 2>&1
+ ~~~~~~~~~~~~~~~~~~~
~~~~~~~~~~~
    + CategoryInfo   
           : NotSpe  
  cified: (MONGODB   
 _URI not...27017    
/pulseline:Strin    
g) [], RemoteExc    
eption
    + FullyQualified 
   ErrorId : Native  
  CommandError
 
MONGODB_URI not 
found in env, using 
local db:  mongodb://
localhost:27017/pulse
line
MONGODB_URI not 
found in env, using 
local db:  mongodb://
localhost:27017/pulse
line
MONGODB_URI not 
found in env, using 
local db:  mongodb://
localhost:27017/pulse
line
  Generating static pages using 7 workers (0/13) ...
MONGODB_URI not 
found in env, using 
local db:  mongodb://
localhost:27017/pulse
line
  Generating static pages using 7 workers (3/13) 
  Generating static pages using 7 workers (6/13) 
  Generating static pages using 7 workers (9/13) 
Γ£ô Generating static pages using 7 workers (13/13) in 1419.1ms
  Finalizing page optimization ...

Route (app)
Γöî Γùï /
Γö£ Γùï /_not-found
Γö£ Γùï /admin
Γö£ ╞Æ /api/appointments
Γö£ ╞Æ /api/appointments/[id]
Γö£ ╞Æ /api/auth/login
Γö£ ╞Æ /api/auth/logout
Γö£ ╞Æ /api/auth/register
Γö£ ╞Æ /api/user/me
Γö£ Γùï /dashboard
Γö£ Γùï /login
Γöö Γùï /register


Γùï  (Static)   prerendered as static content
╞Æ  (Dynamic)  server-rendered on demand

